DEPRECATION WARNING: config.action_view.debug_rjs will be removed in 3.1, from 3.1 onwards you will need to install prototype-rails to continue to use RJS templates . (called from service at /usr/local/rvm/rubies/ruby-1.9.2-p290/lib/ruby/1.9.1/webrick/httpserver.rb:111)


Started GET "/microposts" for 127.0.0.1 at 2012-07-10 07:31:29 +0530
  Processing by MicropostsController#index as HTML
  [1m[36mMicropost Load (9.8ms)[0m  [1mSELECT "microposts".* FROM "microposts"[0m
SQLite3::SQLException: no such table: microposts: SELECT "microposts".* FROM "microposts"
Completed 500 Internal Server Error in 139ms

ActiveRecord::StatementInvalid (SQLite3::SQLException: no such table: microposts: SELECT "microposts".* FROM "microposts"):
  app/controllers/microposts_controller.rb:5:in `index'

Rendered /usr/local/rvm/gems/ruby-1.9.2-p290/gems/actionpack-3.0.9/lib/action_dispatch/middleware/templates/rescues/_trace.erb (2.6ms)
Rendered /usr/local/rvm/gems/ruby-1.9.2-p290/gems/actionpack-3.0.9/lib/action_dispatch/middleware/templates/rescues/_request_and_response.erb (4.9ms)
Rendered /usr/local/rvm/gems/ruby-1.9.2-p290/gems/actionpack-3.0.9/lib/action_dispatch/middleware/templates/rescues/diagnostics.erb within rescues/layout (17.6ms)
  [1m[36mSQL (0.4ms)[0m  [1m SELECT name
 FROM sqlite_master
 WHERE type = 'table' AND NOT name = 'sqlite_sequence'
[0m
  [1m[35mSQL (0.1ms)[0m  select sqlite_version(*)
  [1m[36mSQL (82.0ms)[0m  [1mCREATE TABLE "schema_migrations" ("version" varchar(255) NOT NULL) [0m
  [1m[35mSQL (0.1ms)[0m  PRAGMA index_list("schema_migrations")
  [1m[36mSQL (69.7ms)[0m  [1mCREATE UNIQUE INDEX "unique_schema_migrations" ON "schema_migrations" ("version")[0m
  [1m[35mSQL (0.2ms)[0m   SELECT name
 FROM sqlite_master
 WHERE type = 'table' AND NOT name = 'sqlite_sequence'
  [1m[36mSQL (0.2ms)[0m  [1m SELECT name
 FROM sqlite_master
 WHERE type = 'table' AND NOT name = 'sqlite_sequence'
[0m
  [1m[35mSQL (0.1ms)[0m  SELECT "schema_migrations"."version" FROM "schema_migrations"
Migrating to CreateUsers (20120628091011)
  [1m[36mSQL (0.7ms)[0m  [1mCREATE TABLE "users" ("id" INTEGER PRIMARY KEY AUTOINCREMENT NOT NULL, "name" varchar(255), "email" varchar(255), "created_at" datetime, "updated_at" datetime) [0m
  [1m[35mSQL (0.1ms)[0m  INSERT INTO "schema_migrations" ("version") VALUES ('20120628091011')
Migrating to CreateMicroposts (20120628095456)
  [1m[36mSQL (0.5ms)[0m  [1mCREATE TABLE "microposts" ("id" INTEGER PRIMARY KEY AUTOINCREMENT NOT NULL, "content" varchar(255), "user_id" integer, "created_at" datetime, "updated_at" datetime) [0m
  [1m[35mSQL (0.2ms)[0m  INSERT INTO "schema_migrations" ("version") VALUES ('20120628095456')
  [1m[36mSQL (0.2ms)[0m  [1m SELECT name
 FROM sqlite_master
 WHERE type = 'table' AND NOT name = 'sqlite_sequence'
[0m
  [1m[35mSQL (0.1ms)[0m  SELECT "schema_migrations"."version" FROM "schema_migrations"
  [1m[36mSQL (0.1ms)[0m  [1m SELECT name
 FROM sqlite_master
 WHERE type = 'table' AND NOT name = 'sqlite_sequence'
[0m
  [1m[35mSQL (0.0ms)[0m  PRAGMA index_list("microposts")
  [1m[36mSQL (0.0ms)[0m  [1mPRAGMA index_list("users")[0m
DEPRECATION WARNING: config.action_view.debug_rjs will be removed in 3.1, from 3.1 onwards you will need to install prototype-rails to continue to use RJS templates . (called from service at /usr/local/rvm/rubies/ruby-1.9.2-p290/lib/ruby/1.9.1/webrick/httpserver.rb:111)


Started GET "/users" for 127.0.0.1 at 2012-07-10 07:32:29 +0530
  Processing by UsersController#index as HTML
  [1m[36mUser Load (0.5ms)[0m  [1mSELECT "users".* FROM "users"[0m
Rendered users/index.html.erb within layouts/application (2.8ms)
Completed 200 OK in 138ms (Views: 6.7ms | ActiveRecord: 0.5ms)


Started GET "/microposts" for 127.0.0.1 at 2012-07-10 07:32:38 +0530
  Processing by MicropostsController#index as HTML
  [1m[35mMicropost Load (0.2ms)[0m  SELECT "microposts".* FROM "microposts"
Rendered microposts/index.html.erb within layouts/application (2.4ms)
Completed 200 OK in 14ms (Views: 6.3ms | ActiveRecord: 0.2ms)


Started GET "/users" for 127.0.0.1 at 2012-07-10 07:32:44 +0530
  Processing by UsersController#index as HTML
  [1m[36mUser Load (0.4ms)[0m  [1mSELECT "users".* FROM "users"[0m
Rendered users/index.html.erb within layouts/application (3.4ms)
Completed 200 OK in 16ms (Views: 7.1ms | ActiveRecord: 0.4ms)


Started GET "/users/new" for 127.0.0.1 at 2012-07-10 07:32:46 +0530
  Processing by UsersController#new as HTML
Rendered users/_form.html.erb (111.3ms)
Rendered users/new.html.erb within layouts/application (115.0ms)
Completed 200 OK in 158ms (Views: 118.8ms | ActiveRecord: 0.0ms)


Started POST "/users" for 127.0.0.1 at 2012-07-10 07:32:54 +0530
  Processing by UsersController#create as HTML
  Parameters: {"utf8"=>"✓", "authenticity_token"=>"JZp8aYJrnAR03FuuvwJxBySJdIbfQbPIc/UpFpRURnc=", "user"=>{"name"=>"Devendra", "email"=>"devendrabobde89@gmail.com"}, "commit"=>"Create User"}
  [1m[35mSQL (0.2ms)[0m   SELECT name
 FROM sqlite_master
 WHERE type = 'table' AND NOT name = 'sqlite_sequence'
  [1m[36mAREL (0.6ms)[0m  [1mINSERT INTO "users" ("name", "email", "created_at", "updated_at") VALUES ('Devendra', 'devendrabobde89@gmail.com', '2012-07-10 02:02:54.736566', '2012-07-10 02:02:54.736566')[0m
Redirected to http://localhost:3000/users/1
Completed 302 Found in 188ms


Started GET "/users/1" for 127.0.0.1 at 2012-07-10 07:32:54 +0530
  Processing by UsersController#show as HTML
  Parameters: {"id"=>"1"}
  [1m[35mUser Load (0.2ms)[0m  SELECT "users".* FROM "users" WHERE "users"."id" = 1 LIMIT 1
Rendered users/show.html.erb within layouts/application (9.0ms)
Completed 200 OK in 60ms (Views: 12.8ms | ActiveRecord: 0.2ms)


Started GET "/users" for 127.0.0.1 at 2012-07-10 07:32:56 +0530
  Processing by UsersController#index as HTML
  [1m[36mUser Load (0.5ms)[0m  [1mSELECT "users".* FROM "users"[0m
Rendered users/index.html.erb within layouts/application (10.1ms)
Completed 200 OK in 24ms (Views: 13.9ms | ActiveRecord: 0.5ms)


Started GET "/users/1" for 127.0.0.1 at 2012-07-10 07:32:59 +0530
  Processing by UsersController#show as HTML
  Parameters: {"id"=>"1"}
  [1m[35mUser Load (0.2ms)[0m  SELECT "users".* FROM "users" WHERE "users"."id" = 1 LIMIT 1
Rendered users/show.html.erb within layouts/application (9.3ms)
Completed 200 OK in 25ms (Views: 13.1ms | ActiveRecord: 1.0ms)


Started GET "/users" for 127.0.0.1 at 2012-07-10 07:33:01 +0530
  Processing by UsersController#index as HTML
  [1m[36mUser Load (0.5ms)[0m  [1mSELECT "users".* FROM "users"[0m
Rendered users/index.html.erb within layouts/application (10.1ms)
Completed 200 OK in 23ms (Views: 13.7ms | ActiveRecord: 0.5ms)


Started GET "/microposts" for 127.0.0.1 at 2012-07-10 07:33:07 +0530
  Processing by MicropostsController#index as HTML
  [1m[35mMicropost Load (0.4ms)[0m  SELECT "microposts".* FROM "microposts"
Rendered microposts/index.html.erb within layouts/application (2.5ms)
Completed 200 OK in 15ms (Views: 6.6ms | ActiveRecord: 0.4ms)


Started GET "/microposts/new" for 127.0.0.1 at 2012-07-10 07:33:08 +0530
  Processing by MicropostsController#new as HTML
Rendered microposts/_form.html.erb (7.7ms)
Rendered microposts/new.html.erb within layouts/application (11.0ms)
Completed 200 OK in 24ms (Views: 15.3ms | ActiveRecord: 0.0ms)


Started POST "/microposts" for 127.0.0.1 at 2012-07-10 07:33:30 +0530
  Processing by MicropostsController#create as HTML
  Parameters: {"utf8"=>"✓", "authenticity_token"=>"JZp8aYJrnAR03FuuvwJxBySJdIbfQbPIc/UpFpRURnc=", "micropost"=>{"content"=>"Car Owner", "user_id"=>"Devendra"}, "commit"=>"Create Micropost"}
  [1m[36mAREL (0.4ms)[0m  [1mINSERT INTO "microposts" ("content", "user_id", "created_at", "updated_at") VALUES ('Car Owner', 0, '2012-07-10 02:03:30.067412', '2012-07-10 02:03:30.067412')[0m
Redirected to http://localhost:3000/microposts/1
Completed 302 Found in 125ms


Started GET "/microposts/1" for 127.0.0.1 at 2012-07-10 07:33:30 +0530
  Processing by MicropostsController#show as HTML
  Parameters: {"id"=>"1"}
  [1m[35mMicropost Load (0.2ms)[0m  SELECT "microposts".* FROM "microposts" WHERE "microposts"."id" = 1 LIMIT 1
Rendered microposts/show.html.erb within layouts/application (8.9ms)
Completed 200 OK in 23ms (Views: 12.7ms | ActiveRecord: 0.2ms)


Started GET "/microposts" for 127.0.0.1 at 2012-07-10 07:33:34 +0530
  Processing by MicropostsController#index as HTML
  [1m[36mMicropost Load (0.4ms)[0m  [1mSELECT "microposts".* FROM "microposts"[0m
Rendered microposts/index.html.erb within layouts/application (10.0ms)
Completed 200 OK in 22ms (Views: 13.7ms | ActiveRecord: 0.4ms)


Started GET "/microposts/1" for 127.0.0.1 at 2012-07-10 07:33:35 +0530
  Processing by MicropostsController#show as HTML
  Parameters: {"id"=>"1"}
  [1m[35mMicropost Load (0.2ms)[0m  SELECT "microposts".* FROM "microposts" WHERE "microposts"."id" = 1 LIMIT 1
Rendered microposts/show.html.erb within layouts/application (9.0ms)
Completed 200 OK in 24ms (Views: 12.9ms | ActiveRecord: 0.2ms)
  [1m[36mSQL (0.5ms)[0m  [1m SELECT name
 FROM sqlite_master
 WHERE type = 'table' AND NOT name = 'sqlite_sequence'
[0m
  [1m[35mSQL (0.2ms)[0m   SELECT name
 FROM sqlite_master
 WHERE type = 'table' AND NOT name = 'sqlite_sequence'
  [1m[36mSQL (0.2ms)[0m  [1mSELECT "schema_migrations"."version" FROM "schema_migrations"[0m
Migrating to CreateUsers (20120628091011)
Migrating to CreateMicroposts (20120628095456)
  [1m[35mSQL (0.2ms)[0m  select sqlite_version(*)
  [1m[36mSQL (0.3ms)[0m  [1m SELECT name
 FROM sqlite_master
 WHERE type = 'table' AND NOT name = 'sqlite_sequence'
[0m
  [1m[35mSQL (0.2ms)[0m  SELECT "schema_migrations"."version" FROM "schema_migrations"
  [1m[36mSQL (0.2ms)[0m  [1m SELECT name
 FROM sqlite_master
 WHERE type = 'table' AND NOT name = 'sqlite_sequence'
[0m
  [1m[35mSQL (0.0ms)[0m  PRAGMA index_list("microposts")
  [1m[36mSQL (0.0ms)[0m  [1mPRAGMA index_list("users")[0m
